<?xml version="1.0" encoding="UTF-8"?>
<testng-results ignored="0" total="1" passed="1" failed="0" skipped="0">
  <reporter-output>
  </reporter-output>
  <suite started-at="2023-12-16T11:33:51 IST" name="Default suite" finished-at="2023-12-16T11:34:32 IST" duration-ms="40942">
    <groups>
    </groups>
    <test started-at="2023-12-16T11:33:51 IST" name="Default test" finished-at="2023-12-16T11:34:32 IST" duration-ms="40942">
      <class name="testpkg.Meeshotest">
        <test-method is-config="true" signature="setup()[pri:0, instance:testpkg.Meeshotest@1ed4ae0f]" started-at="2023-12-16T11:33:51 IST" name="setup" finished-at="2023-12-16T11:34:31 IST" duration-ms="40073" status="PASS">
          <reporter-output>
          </reporter-output>
        </test-method> <!-- setup -->
        <test-method signature="test()[pri:0, instance:testpkg.Meeshotest@1ed4ae0f]" started-at="2023-12-16T11:34:31 IST" name="test" finished-at="2023-12-16T11:34:32 IST" duration-ms="753" status="PASS">
          <reporter-output>
          </reporter-output>
        </test-method> <!-- test -->
      </class> <!-- testpkg.Meeshotest -->
    </test> <!-- Default test -->
  </suite> <!-- Default suite -->
</testng-results>
